<?xml version="1.0" encoding="UTF-8"?>
<!-- Generated by org.testng.reporters.JUnitReportReporter -->
<testsuite hostname="TYC1221031" failures="0" tests="2" name="sampleProject.MyClass1Test" time="0.024" errors="0" timestamp="19 Jul 2022 06:04:25 GMT" skipped="0">
  <testcase classname="sampleProject.MyClass1Test" name="sample" time="0.021"/>
  <testcase classname="sampleProject.MyClass1Test" name="simple" time="0.003"/>
</testsuite> <!-- sampleProject.MyClass1Test -->
