<?xml version="1.0" encoding="UTF-8"?>
<!-- Generated by org.testng.reporters.JUnitReportReporter -->
<testsuite hostname="TYC1221031" failures="0" tests="2" name="sampleProject.MyClass2" time="0.015" errors="0" timestamp="19 Jul 2022 06:05:34 GMT" skipped="0">
  <testcase classname="sampleProject.MyClass2" name="rmg" time="0.013"/>
  <testcase classname="sampleProject.MyClass2" name="tyss" time="0.002"/>
</testsuite> <!-- sampleProject.MyClass2 -->
